{"total": {"lines":{"total":703,"covered":54,"skipped":0,"pct":7.68},"statements":{"total":727,"covered":54,"skipped":0,"pct":7.42},"functions":{"total":177,"covered":17,"skipped":0,"pct":9.6},"branches":{"total":435,"covered":24,"skipped":0,"pct":5.51},"branchesTrue":{"total":0,"covered":0,"skipped":0,"pct":100}}
,"C:\\Users\\jfran\\Documents\\projects\\prueba-tecnica-sofka\\prueba-tecnica-react-native\\App.tsx": {"lines":{"total":1,"covered":0,"skipped":0,"pct":0},"functions":{"total":1,"covered":0,"skipped":0,"pct":0},"statements":{"total":1,"covered":0,"skipped":0,"pct":0},"branches":{"total":0,"covered":0,"skipped":0,"pct":100}}
,"C:\\Users\\jfran\\Documents\\projects\\prueba-tecnica-sofka\\prueba-tecnica-react-native\\src\\api\\client.ts": {"lines":{"total":103,"covered":0,"skipped":0,"pct":0},"functions":{"total":23,"covered":0,"skipped":0,"pct":0},"statements":{"total":104,"covered":0,"skipped":0,"pct":0},"branches":{"total":59,"covered":0,"skipped":0,"pct":0}}
,"C:\\Users\\jfran\\Documents\\projects\\prueba-tecnica-sofka\\prueba-tecnica-react-native\\src\\api\\config.ts": {"lines":{"total":12,"covered":0,"skipped":0,"pct":0},"functions":{"total":3,"covered":0,"skipped":0,"pct":0},"statements":{"total":13,"covered":0,"skipped":0,"pct":0},"branches":{"total":6,"covered":0,"skipped":0,"pct":0}}
,"C:\\Users\\jfran\\Documents\\projects\\prueba-tecnica-sofka\\prueba-tecnica-react-native\\src\\api\\errors.ts": {"lines":{"total":8,"covered":0,"skipped":0,"pct":0},"functions":{"total":4,"covered":0,"skipped":0,"pct":0},"statements":{"total":8,"covered":0,"skipped":0,"pct":0},"branches":{"total":2,"covered":0,"skipped":0,"pct":0}}
,"C:\\Users\\jfran\\Documents\\projects\\prueba-tecnica-sofka\\prueba-tecnica-react-native\\src\\api\\products.api.ts": {"lines":{"total":30,"covered":0,"skipped":0,"pct":0},"functions":{"total":10,"covered":0,"skipped":0,"pct":0},"statements":{"total":30,"covered":0,"skipped":0,"pct":0},"branches":{"total":13,"covered":0,"skipped":0,"pct":0}}
,"C:\\Users\\jfran\\Documents\\projects\\prueba-tecnica-sofka\\prueba-tecnica-react-native\\src\\api\\types.ts": {"lines":{"total":0,"covered":0,"skipped":0,"pct":0},"functions":{"total":0,"covered":0,"skipped":0,"pct":0},"statements":{"total":0,"covered":0,"skipped":0,"pct":0},"branches":{"total":0,"covered":0,"skipped":0,"pct":0}}
,"C:\\Users\\jfran\\Documents\\projects\\prueba-tecnica-sofka\\prueba-tecnica-react-native\\src\\components\\common\\Button\\Button.tsx": {"lines":{"total":4,"covered":0,"skipped":0,"pct":0},"functions":{"total":1,"covered":0,"skipped":0,"pct":0},"statements":{"total":4,"covered":0,"skipped":0,"pct":0},"branches":{"total":11,"covered":0,"skipped":0,"pct":0}}
,"C:\\Users\\jfran\\Documents\\projects\\prueba-tecnica-sofka\\prueba-tecnica-react-native\\src\\components\\common\\DatePickerInput\\DatePickerInput.tsx": {"lines":{"total":29,"covered":0,"skipped":0,"pct":0},"functions":{"total":7,"covered":0,"skipped":0,"pct":0},"statements":{"total":31,"covered":0,"skipped":0,"pct":0},"branches":{"total":34,"covered":0,"skipped":0,"pct":0}}
,"C:\\Users\\jfran\\Documents\\projects\\prueba-tecnica-sofka\\prueba-tecnica-react-native\\src\\components\\common\\ErrorMessage\\ErrorMessage.tsx": {"lines":{"total":6,"covered":0,"skipped":0,"pct":0},"functions":{"total":1,"covered":0,"skipped":0,"pct":0},"statements":{"total":6,"covered":0,"skipped":0,"pct":0},"branches":{"total":11,"covered":0,"skipped":0,"pct":0}}
,"C:\\Users\\jfran\\Documents\\projects\\prueba-tecnica-sofka\\prueba-tecnica-react-native\\src\\components\\common\\FloatingButton\\FloatingButton.tsx": {"lines":{"total":4,"covered":4,"skipped":0,"pct":100},"functions":{"total":1,"covered":1,"skipped":0,"pct":100},"statements":{"total":4,"covered":4,"skipped":0,"pct":100},"branches":{"total":8,"covered":5,"skipped":0,"pct":62.5}}
,"C:\\Users\\jfran\\Documents\\projects\\prueba-tecnica-sofka\\prueba-tecnica-react-native\\src\\components\\common\\IdInput\\IdInput.tsx": {"lines":{"total":3,"covered":0,"skipped":0,"pct":0},"functions":{"total":1,"covered":0,"skipped":0,"pct":0},"statements":{"total":3,"covered":0,"skipped":0,"pct":0},"branches":{"total":12,"covered":0,"skipped":0,"pct":0}}
,"C:\\Users\\jfran\\Documents\\projects\\prueba-tecnica-sofka\\prueba-tecnica-react-native\\src\\components\\common\\Input\\Input.tsx": {"lines":{"total":2,"covered":0,"skipped":0,"pct":0},"functions":{"total":1,"covered":0,"skipped":0,"pct":0},"statements":{"total":2,"covered":0,"skipped":0,"pct":0},"branches":{"total":7,"covered":0,"skipped":0,"pct":0}}
,"C:\\Users\\jfran\\Documents\\projects\\prueba-tecnica-sofka\\prueba-tecnica-react-native\\src\\components\\common\\LoadingSpinner\\LoadingSpinner.tsx": {"lines":{"total":2,"covered":0,"skipped":0,"pct":0},"functions":{"total":1,"covered":0,"skipped":0,"pct":0},"statements":{"total":2,"covered":0,"skipped":0,"pct":0},"branches":{"total":2,"covered":0,"skipped":0,"pct":0}}
,"C:\\Users\\jfran\\Documents\\projects\\prueba-tecnica-sofka\\prueba-tecnica-react-native\\src\\components\\products\\ProductCard\\ProductCard.tsx": {"lines":{"total":5,"covered":0,"skipped":0,"pct":0},"functions":{"total":1,"covered":0,"skipped":0,"pct":0},"statements":{"total":5,"covered":0,"skipped":0,"pct":0},"branches":{"total":0,"covered":0,"skipped":0,"pct":100}}
,"C:\\Users\\jfran\\Documents\\projects\\prueba-tecnica-sofka\\prueba-tecnica-react-native\\src\\components\\products\\ProductList\\ProductList.tsx": {"lines":{"total":9,"covered":0,"skipped":0,"pct":0},"functions":{"total":6,"covered":0,"skipped":0,"pct":0},"statements":{"total":9,"covered":0,"skipped":0,"pct":0},"branches":{"total":3,"covered":0,"skipped":0,"pct":0}}
,"C:\\Users\\jfran\\Documents\\projects\\prueba-tecnica-sofka\\prueba-tecnica-react-native\\src\\components\\products\\ResultCounter\\ResultCounter.tsx": {"lines":{"total":3,"covered":3,"skipped":0,"pct":100},"functions":{"total":1,"covered":1,"skipped":0,"pct":100},"statements":{"total":3,"covered":3,"skipped":0,"pct":100},"branches":{"total":3,"covered":3,"skipped":0,"pct":100}}
,"C:\\Users\\jfran\\Documents\\projects\\prueba-tecnica-sofka\\prueba-tecnica-react-native\\src\\components\\products\\SearchBar\\SearchBar.tsx": {"lines":{"total":6,"covered":0,"skipped":0,"pct":0},"functions":{"total":2,"covered":0,"skipped":0,"pct":0},"statements":{"total":6,"covered":0,"skipped":0,"pct":0},"branches":{"total":7,"covered":0,"skipped":0,"pct":0}}
,"C:\\Users\\jfran\\Documents\\projects\\prueba-tecnica-sofka\\prueba-tecnica-react-native\\src\\hooks\\useDebounce.ts": {"lines":{"total":7,"covered":0,"skipped":0,"pct":0},"functions":{"total":4,"covered":0,"skipped":0,"pct":0},"statements":{"total":7,"covered":0,"skipped":0,"pct":0},"branches":{"total":1,"covered":0,"skipped":0,"pct":0}}
,"C:\\Users\\jfran\\Documents\\projects\\prueba-tecnica-sofka\\prueba-tecnica-react-native\\src\\hooks\\useErrorHandler.ts": {"lines":{"total":24,"covered":0,"skipped":0,"pct":0},"functions":{"total":2,"covered":0,"skipped":0,"pct":0},"statements":{"total":24,"covered":0,"skipped":0,"pct":0},"branches":{"total":21,"covered":0,"skipped":0,"pct":0}}
,"C:\\Users\\jfran\\Documents\\projects\\prueba-tecnica-sofka\\prueba-tecnica-react-native\\src\\hooks\\useFormValidation.ts": {"lines":{"total":62,"covered":0,"skipped":0,"pct":0},"functions":{"total":19,"covered":0,"skipped":0,"pct":0},"statements":{"total":70,"covered":0,"skipped":0,"pct":0},"branches":{"total":21,"covered":0,"skipped":0,"pct":0}}
,"C:\\Users\\jfran\\Documents\\projects\\prueba-tecnica-sofka\\prueba-tecnica-react-native\\src\\hooks\\useProductForm.ts": {"lines":{"total":90,"covered":0,"skipped":0,"pct":0},"functions":{"total":14,"covered":0,"skipped":0,"pct":0},"statements":{"total":93,"covered":0,"skipped":0,"pct":0},"branches":{"total":56,"covered":0,"skipped":0,"pct":0}}
,"C:\\Users\\jfran\\Documents\\projects\\prueba-tecnica-sofka\\prueba-tecnica-react-native\\src\\hooks\\useProductFormValidation.ts": {"lines":{"total":19,"covered":0,"skipped":0,"pct":0},"functions":{"total":7,"covered":0,"skipped":0,"pct":0},"statements":{"total":19,"covered":0,"skipped":0,"pct":0},"branches":{"total":9,"covered":0,"skipped":0,"pct":0}}
,"C:\\Users\\jfran\\Documents\\projects\\prueba-tecnica-sofka\\prueba-tecnica-react-native\\src\\hooks\\useProducts.ts": {"lines":{"total":26,"covered":26,"skipped":0,"pct":100},"functions":{"total":6,"covered":6,"skipped":0,"pct":100},"statements":{"total":26,"covered":26,"skipped":0,"pct":100},"branches":{"total":7,"covered":6,"skipped":0,"pct":85.71}}
,"C:\\Users\\jfran\\Documents\\projects\\prueba-tecnica-sofka\\prueba-tecnica-react-native\\src\\navigation\\AppNavigator.tsx": {"lines":{"total":5,"covered":0,"skipped":0,"pct":0},"functions":{"total":2,"covered":0,"skipped":0,"pct":0},"statements":{"total":5,"covered":0,"skipped":0,"pct":0},"branches":{"total":2,"covered":0,"skipped":0,"pct":0}}
,"C:\\Users\\jfran\\Documents\\projects\\prueba-tecnica-sofka\\prueba-tecnica-react-native\\src\\navigation\\screens.ts": {"lines":{"total":0,"covered":0,"skipped":0,"pct":0},"functions":{"total":0,"covered":0,"skipped":0,"pct":0},"statements":{"total":0,"covered":0,"skipped":0,"pct":0},"branches":{"total":0,"covered":0,"skipped":0,"pct":0}}
,"C:\\Users\\jfran\\Documents\\projects\\prueba-tecnica-sofka\\prueba-tecnica-react-native\\src\\screens\\ProductDetailScreen\\ProductDetailScreen.tsx": {"lines":{"total":23,"covered":0,"skipped":0,"pct":0},"functions":{"total":4,"covered":0,"skipped":0,"pct":0},"statements":{"total":23,"covered":0,"skipped":0,"pct":0},"branches":{"total":12,"covered":0,"skipped":0,"pct":0}}
,"C:\\Users\\jfran\\Documents\\projects\\prueba-tecnica-sofka\\prueba-tecnica-react-native\\src\\screens\\ProductFormScreen\\ProductFormScreen.tsx": {"lines":{"total":16,"covered":0,"skipped":0,"pct":0},"functions":{"total":12,"covered":0,"skipped":0,"pct":0},"statements":{"total":16,"covered":0,"skipped":0,"pct":0},"branches":{"total":14,"covered":0,"skipped":0,"pct":0}}
,"C:\\Users\\jfran\\Documents\\projects\\prueba-tecnica-sofka\\prueba-tecnica-react-native\\src\\screens\\ProductListScreen\\ProductListScreen.tsx": {"lines":{"total":20,"covered":18,"skipped":0,"pct":90},"functions":{"total":11,"covered":9,"skipped":0,"pct":81.81},"statements":{"total":20,"covered":18,"skipped":0,"pct":90},"branches":{"total":10,"covered":10,"skipped":0,"pct":100}}
,"C:\\Users\\jfran\\Documents\\projects\\prueba-tecnica-sofka\\prueba-tecnica-react-native\\src\\store\\products\\products.actions.ts": {"lines":{"total":48,"covered":0,"skipped":0,"pct":0},"functions":{"total":11,"covered":0,"skipped":0,"pct":0},"statements":{"total":49,"covered":0,"skipped":0,"pct":0},"branches":{"total":9,"covered":0,"skipped":0,"pct":0}}
,"C:\\Users\\jfran\\Documents\\projects\\prueba-tecnica-sofka\\prueba-tecnica-react-native\\src\\store\\products\\products.store.ts": {"lines":{"total":0,"covered":0,"skipped":0,"pct":0},"functions":{"total":0,"covered":0,"skipped":0,"pct":0},"statements":{"total":0,"covered":0,"skipped":0,"pct":0},"branches":{"total":0,"covered":0,"skipped":0,"pct":0}}
,"C:\\Users\\jfran\\Documents\\projects\\prueba-tecnica-sofka\\prueba-tecnica-react-native\\src\\store\\products\\products.types.ts": {"lines":{"total":0,"covered":0,"skipped":0,"pct":0},"functions":{"total":0,"covered":0,"skipped":0,"pct":0},"statements":{"total":0,"covered":0,"skipped":0,"pct":0},"branches":{"total":0,"covered":0,"skipped":0,"pct":0}}
,"C:\\Users\\jfran\\Documents\\projects\\prueba-tecnica-sofka\\prueba-tecnica-react-native\\src\\store\\ui\\ui.store.ts": {"lines":{"total":4,"covered":0,"skipped":0,"pct":0},"functions":{"total":4,"covered":0,"skipped":0,"pct":0},"statements":{"total":5,"covered":0,"skipped":0,"pct":0},"branches":{"total":0,"covered":0,"skipped":0,"pct":100}}
,"C:\\Users\\jfran\\Documents\\projects\\prueba-tecnica-sofka\\prueba-tecnica-react-native\\src\\theme\\colors.ts": {"lines":{"total":1,"covered":1,"skipped":0,"pct":100},"functions":{"total":0,"covered":0,"skipped":0,"pct":100},"statements":{"total":1,"covered":1,"skipped":0,"pct":100},"branches":{"total":0,"covered":0,"skipped":0,"pct":100}}
,"C:\\Users\\jfran\\Documents\\projects\\prueba-tecnica-sofka\\prueba-tecnica-react-native\\src\\theme\\spacing.ts": {"lines":{"total":1,"covered":1,"skipped":0,"pct":100},"functions":{"total":0,"covered":0,"skipped":0,"pct":100},"statements":{"total":1,"covered":1,"skipped":0,"pct":100},"branches":{"total":0,"covered":0,"skipped":0,"pct":100}}
,"C:\\Users\\jfran\\Documents\\projects\\prueba-tecnica-sofka\\prueba-tecnica-react-native\\src\\theme\\typography.ts": {"lines":{"total":1,"covered":1,"skipped":0,"pct":100},"functions":{"total":0,"covered":0,"skipped":0,"pct":100},"statements":{"total":1,"covered":1,"skipped":0,"pct":100},"branches":{"total":0,"covered":0,"skipped":0,"pct":100}}
,"C:\\Users\\jfran\\Documents\\projects\\prueba-tecnica-sofka\\prueba-tecnica-react-native\\src\\utils\\constants.ts": {"lines":{"total":0,"covered":0,"skipped":0,"pct":0},"functions":{"total":0,"covered":0,"skipped":0,"pct":0},"statements":{"total":0,"covered":0,"skipped":0,"pct":0},"branches":{"total":0,"covered":0,"skipped":0,"pct":0}}
,"C:\\Users\\jfran\\Documents\\projects\\prueba-tecnica-sofka\\prueba-tecnica-react-native\\src\\utils\\date.utils.ts": {"lines":{"total":30,"covered":0,"skipped":0,"pct":0},"functions":{"total":6,"covered":0,"skipped":0,"pct":0},"statements":{"total":30,"covered":0,"skipped":0,"pct":0},"branches":{"total":6,"covered":0,"skipped":0,"pct":0}}
,"C:\\Users\\jfran\\Documents\\projects\\prueba-tecnica-sofka\\prueba-tecnica-react-native\\src\\utils\\error.messages.ts": {"lines":{"total":3,"covered":0,"skipped":0,"pct":0},"functions":{"total":1,"covered":0,"skipped":0,"pct":0},"statements":{"total":3,"covered":0,"skipped":0,"pct":0},"branches":{"total":0,"covered":0,"skipped":0,"pct":100}}
,"C:\\Users\\jfran\\Documents\\projects\\prueba-tecnica-sofka\\prueba-tecnica-react-native\\src\\utils\\error.utils.ts": {"lines":{"total":15,"covered":0,"skipped":0,"pct":0},"functions":{"total":3,"covered":0,"skipped":0,"pct":0},"statements":{"total":22,"covered":0,"skipped":0,"pct":0},"branches":{"total":21,"covered":0,"skipped":0,"pct":0}}
,"C:\\Users\\jfran\\Documents\\projects\\prueba-tecnica-sofka\\prueba-tecnica-react-native\\src\\validators\\product.schema.ts": {"lines":{"total":0,"covered":0,"skipped":0,"pct":0},"functions":{"total":0,"covered":0,"skipped":0,"pct":0},"statements":{"total":0,"covered":0,"skipped":0,"pct":0},"branches":{"total":0,"covered":0,"skipped":0,"pct":0}}
,"C:\\Users\\jfran\\Documents\\projects\\prueba-tecnica-sofka\\prueba-tecnica-react-native\\src\\validators\\product.validator.ts": {"lines":{"total":81,"covered":0,"skipped":0,"pct":0},"functions":{"total":7,"covered":0,"skipped":0,"pct":0},"statements":{"total":81,"covered":0,"skipped":0,"pct":0},"branches":{"total":68,"covered":0,"skipped":0,"pct":0}}
,"C:\\Users\\jfran\\Documents\\projects\\prueba-tecnica-sofka\\prueba-tecnica-react-native\\src\\validators\\validation.types.ts": {"lines":{"total":0,"covered":0,"skipped":0,"pct":0},"functions":{"total":0,"covered":0,"skipped":0,"pct":0},"statements":{"total":0,"covered":0,"skipped":0,"pct":0},"branches":{"total":0,"covered":0,"skipped":0,"pct":0}}
,"C:\\Users\\jfran\\Documents\\projects\\prueba-tecnica-sofka\\prueba-tecnica-react-native\\src\\validators\\validation.utils.ts": {"lines":{"total":0,"covered":0,"skipped":0,"pct":0},"functions":{"total":0,"covered":0,"skipped":0,"pct":0},"statements":{"total":0,"covered":0,"skipped":0,"pct":0},"branches":{"total":0,"covered":0,"skipped":0,"pct":0}}
}
